<?xml version="1.0" encoding="UTF-8"?>
<testsuite xmlns:xsi="http://www.w3.org/2001/XMLSchema-instance" xsi:noNamespaceSchemaLocation="https://maven.apache.org/surefire/maven-surefire-plugin/xsd/surefire-test-report.xsd" name="es.unican.is2.SeguroTest" time="0.002" tests="5" errors="0" skipped="0" failures="0">
  <properties>
[...]
</properties>
  <testcase name="testPrecioTodoRiesgoPotenciaBajaMasDeUnAno" classname="es.unican.is2.SeguroTest" time="0"/>
  <testcase name="testGettersYSetters" classname="es.unican.is2.SeguroTest" time="0"/>
  <testcase name="testPrecioTercerosPotenciaAltaMasDeUnAno" classname="es.unican.is2.SeguroTest" time="0"/>
  <testcase name="testPrecioTercerosLunasPotenciaMediaMenosDeUnAno" classname="es.unican.is2.SeguroTest" time="0"/>
  <testcase name="testPrecioSeguroFuturo" classname="es.unican.is2.SeguroTest" time="0"/>
</testsuite>